#
# A fatal error has been detected by the Java Runtime Environment:
#
#  SIGSEGV (0xb) at pc=0x000000010a7742b0, pid=904, tid=18435
#
# JRE version: Java(TM) SE Runtime Environment (8.0_25-b17) (build 1.8.0_25-b17)
# Java VM: Java HotSpot(TM) 64-Bit Server VM (25.25-b02 mixed mode bsd-amd64 compressed oops)
# Problematic frame:
# V  [libjvm.dylib+0x4232b0]
#
# Failed to write core dump. Core dumps have been disabled. To enable core dumping, try "ulimit -c unlimited" before starting Java again
#
# If you would like to submit a bug report, please visit:
#   http://bugreport.sun.com/bugreport/crash.jsp
#

---------------  T H R E A D  ---------------

Current thread (0x00007ff39d81b000):  JavaThread "JDWP Transport Listener: dt_socket" daemon [_thread_in_vm, id=18435, stack(0x000000011f98c000,0x000000011fa8c000)]

siginfo: si_signo: 11 (SIGSEGV), si_code: 0 (unknown), si_addr: 0x0000000000000000

Registers:
RAX=0x0000000000000001, RBX=0x000000011fa8ba8b, RCX=0x000000010ab27c80, RDX=0x000000011fa8ba8b
RSP=0x000000011fa8b9d0, RBP=0x000000011fa8b9e0, RSI=0x00007ff39d81b000, RDI=0x00023b003b6e6f00
R8 =0x00007ff39bd2d060, R9 =0x00007ff39bd2cf90, R10=0x00000000f6e623a3, R11=0x000000005021c542
R12=0x00007ff39d81b000, R13=0x00023b003b6e6f00, R14=0x00023b003b6e6f00, R15=0x00007ff39bd0ac00
RIP=0x000000010a7742b0, EFLAGS=0x0000000000010206, ERR=0x0000000000000000
  TRAPNO=0x000000000000000d

Top of Stack: (sp=0x000000011fa8b9d0)
0x000000011fa8b9d0:   000000011fa8ba8b 000000011fa8ba8b
0x000000011fa8b9e0:   000000011fa8ba40 000000010a68626e
0x000000011fa8b9f0:   00007ff39d81b000 0000000000000000
0x000000011fa8ba00:   0000000000000000 0000000000000000
0x000000011fa8ba10:   00007ff39d81b000 00007ff39d81b000
0x000000011fa8ba20:   000000011fa8ba8b 000000011fa8ba90
0x000000011fa8ba30:   00023b003b6e6f00 0000000000000003
0x000000011fa8ba40:   000000011fa8ba60 000000010b3d37dc
0x000000011fa8ba50:   0000000000000001 000000011fa8bb08
0x000000011fa8ba60:   000000011fa8bad0 000000010b3b8263
0x000000011fa8ba70:   000000011fa8baa0 00007ff39bd30640
0x000000011fa8ba80:   0000000400000032 0000000900a8bb08
0x000000011fa8ba90:   0000000000000000 0000000000000000
0x000000011fa8baa0:   0000000000000000 000000011fa8bc90
0x000000011fa8bab0:   000000010b3daeca 00007ff39bd306e0
0x000000011fa8bac0:   000000011fa8bb08 000000010b3e6588
0x000000011fa8bad0:   000000011fa8bae0 000000010b3b835c
0x000000011fa8bae0:   000000011fa8bd00 000000010b3c18f6
0x000000011fa8baf0:   00002d2300000013 00000000000f0200
0x000000011fa8bb00:   00007ff39bd2e2c0 000000011fa8bbdd
0x000000011fa8bb10:   00007ff3000000a7 000000011fa8bb20
0x000000011fa8bb20:   00007ff300000085 000000011fa8bb58
0x000000011fa8bb30:   0000000000000000 00007f0000000000
0x000000011fa8bb40:   00002d230000001c 00007fff0000ce80
0x000000011fa8bb50:   000000011fa8bb58 f37f000004000000
0x000000011fa8bb60:   0800000090e9f29b 746e6972506b6572
0x000000011fa8bb70:   2949492805000000 0000000000000056
0x000000011fa8bb80:   e9f29bf37f00000a 69616d0400000078
0x000000011fa8bb90:   4c5b28160000006e 6e616c2f6176616a
0x000000011fa8bba0:   676e697274532f67 000000000056293b
0x000000011fa8bbb0:   9bf37f0000090000 620c00000080e9f2
0x000000011fa8bbc0:   6165537972616e69 2806000000686372 

Instructions: (pc=0x000000010a7742b0)
0x000000010a774290:   40 48 48 85 c0 75 e0 30 c0 0f b6 c0 5d c3 31 c0
0x000000010a7742a0:   5d c3 55 48 89 e5 53 48 83 ec 08 48 85 ff 74 24
0x000000010a7742b0:   48 8b 1f 48 85 db 74 1c 48 83 fb 37 74 16 48 8b
0x000000010a7742c0:   03 48 89 df ff 50 10 84 c0 b8 00 00 00 00 48 0f 

Register to memory mapping:

RAX=0x0000000000000001 is an unknown value
RBX=0x000000011fa8ba8b is pointing into the stack for thread: 0x00007ff39d81b000
RCX=0x000000010ab27c80: UseMembar+0 in /Library/Java/JavaVirtualMachines/jdk1.8.0_25.jdk/Contents/Home/jre/lib/server/libjvm.dylib at 0x000000010a351000
RDX=0x000000011fa8ba8b is pointing into the stack for thread: 0x00007ff39d81b000
RSP=0x000000011fa8b9d0 is pointing into the stack for thread: 0x00007ff39d81b000
RBP=0x000000011fa8b9e0 is pointing into the stack for thread: 0x00007ff39d81b000
RSI=0x00007ff39d81b000 is a thread
RDI=0x00023b003b6e6f00 is an unknown value
R8 =0x00007ff39bd2d060 is an unknown value
R9 =0x00007ff39bd2cf90 is an unknown value
R10=0x00000000f6e623a3 is an unknown value
R11=0x000000005021c542 is an unknown value
R12=0x00007ff39d81b000 is a thread
R13=0x00023b003b6e6f00 is an unknown value
R14=0x00023b003b6e6f00 is an unknown value
R15=0x00007ff39bd0ac00 is an unknown value


Stack: [0x000000011f98c000,0x000000011fa8c000],  sp=0x000000011fa8b9d0,  free space=1022k
Native frames: (J=compiled Java code, j=interpreted, Vv=VM code, C=native code)
V  [libjvm.dylib+0x4232b0]
V  [libjvm.dylib+0x33526e]
C  [libjdwp.dylib+0x207dc]  isMethodSynthetic+0x63
C  [libjdwp.dylib+0x5263]  methods1+0x10b
C  [libjdwp.dylib+0x535c]  methodsWithGeneric+0xe
C  [libjdwp.dylib+0xe8f6]  debugLoop_run+0x1ce
C  [libjdwp.dylib+0x1f716]  attachThread+0x4d
V  [libjvm.dylib+0x3762ce]
V  [libjvm.dylib+0x535ed9]
V  [libjvm.dylib+0x53761c]
V  [libjvm.dylib+0x45d87e]
C  [libsystem_pthread.dylib+0x1899]  _pthread_body+0x8a
C  [libsystem_pthread.dylib+0x172a]  _pthread_struct_init+0x0
C  [libsystem_pthread.dylib+0x5fc9]  thread_start+0xd
C  0x0000000000000000


---------------  P R O C E S S  ---------------

Java Threads: ( => current thread )
  0x00007ff39d005000 JavaThread "Service Thread" daemon [_thread_blocked, id=21507, stack(0x000000011ff9e000,0x000000012009e000)]
  0x00007ff39c00f000 JavaThread "C1 CompilerThread2" daemon [_thread_blocked, id=20995, stack(0x000000011fe9b000,0x000000011ff9b000)]
  0x00007ff39c861000 JavaThread "C2 CompilerThread1" daemon [_thread_blocked, id=20483, stack(0x000000011fd98000,0x000000011fe98000)]
  0x00007ff39c832000 JavaThread "C2 CompilerThread0" daemon [_thread_blocked, id=19971, stack(0x000000011fc95000,0x000000011fd95000)]
  0x00007ff39c862000 JavaThread "JDWP Command Reader" daemon [_thread_in_native, id=19459, stack(0x000000011fb92000,0x000000011fc92000)]
  0x00007ff39d82d000 JavaThread "JDWP Event Helper Thread" daemon [_thread_blocked, id=18947, stack(0x000000011fa8f000,0x000000011fb8f000)]
=>0x00007ff39d81b000 JavaThread "JDWP Transport Listener: dt_socket" daemon [_thread_in_vm, id=18435, stack(0x000000011f98c000,0x000000011fa8c000)]
  0x00007ff39d83c800 JavaThread "Signal Dispatcher" daemon [_thread_blocked, id=17923, stack(0x000000011f882000,0x000000011f982000)]
  0x00007ff39c85c800 JavaThread "Finalizer" daemon [_thread_blocked, id=12547, stack(0x000000011f635000,0x000000011f735000)]
  0x00007ff39d814800 JavaThread "Reference Handler" daemon [_thread_blocked, id=12035, stack(0x000000011f532000,0x000000011f632000)]
  0x00007ff39d801000 JavaThread "main" [_thread_blocked, id=4867, stack(0x000000010b26e000,0x000000010b36e000)]

Other Threads:
  0x00007ff39c856800 VMThread [stack: 0x000000011f42f000,0x000000011f52f000] [id=11523]
  0x00007ff39d006000 WatcherThread [stack: 0x00000001200a1000,0x00000001201a1000] [id=22019]

VM state:not at safepoint (normal execution)

VM Mutex/Monitor currently owned by a thread: None

Heap:
 PSYoungGen      total 18944K, used 1638K [0x00000007aab00000, 0x00000007ac000000, 0x00000007c0000000)
  eden space 16384K, 10% used [0x00000007aab00000,0x00000007aac99ad0,0x00000007abb00000)
  from space 2560K, 0% used [0x00000007abd80000,0x00000007abd80000,0x00000007ac000000)
  to   space 2560K, 0% used [0x00000007abb00000,0x00000007abb00000,0x00000007abd80000)
 ParOldGen       total 44032K, used 0K [0x0000000780000000, 0x0000000782b00000, 0x00000007aab00000)
  object space 44032K, 0% used [0x0000000780000000,0x0000000780000000,0x0000000782b00000)
 Metaspace       used 2798K, capacity 4566K, committed 4864K, reserved 1056768K
  class space    used 302K, capacity 390K, committed 512K, reserved 1048576K

Card table byte_map: [0x000000011b000000,0x000000011b201000] byte_map_base: 0x0000000117400000

Marking Bits: (ParMarkBitMap*) 0x000000010abee390
 Begin Bits: [0x000000011b763000, 0x000000011c763000)
 End Bits:   [0x000000011c763000, 0x000000011d763000)

Polling page: 0x000000010b3b2000

CodeCache: size=245760Kb used=1119Kb max_used=1119Kb free=244640Kb
 bounds [0x000000010b414000, 0x000000010b684000, 0x000000011a414000]
 total_blobs=254 nmethods=28 adapters=149
 compilation: enabled

Compilation events (10 events):
Event: 0.388 Thread 0x00007ff39c00f000   24       3       java.util.HashMap::hash (20 bytes)
Event: 0.388 Thread 0x00007ff39c00f000 nmethod 24 0x000000010b52a090 code [0x000000010b52a200, 0x000000010b52a468]
Event: 0.390 Thread 0x00007ff39c00f000   25       3       java.util.zip.CRC32::update (16 bytes)
Event: 0.390 Thread 0x00007ff39c00f000 nmethod 25 0x000000010b52a910 code [0x000000010b52aa80, 0x000000010b52ac10]
Event: 0.392 Thread 0x00007ff39c00f000   26       1       java.lang.Object::<init> (1 bytes)
Event: 0.392 Thread 0x00007ff39c00f000 nmethod 26 0x000000010b52b0d0 code [0x000000010b52b220, 0x000000010b52b330]
Event: 0.394 Thread 0x00007ff39c00f000   27       3       java.lang.String::getChars (62 bytes)
Event: 0.394 Thread 0x00007ff39c00f000 nmethod 27 0x000000010b52b390 code [0x000000010b52b560, 0x000000010b52b9f8]
Event: 0.425 Thread 0x00007ff39c00f000   28       3       java.lang.System::getSecurityManager (4 bytes)
Event: 0.425 Thread 0x00007ff39c00f000 nmethod 28 0x000000010b52bcd0 code [0x000000010b52be20, 0x000000010b52bf70]

GC Heap History (0 events):
No events

Deoptimization events (0 events):
No events

Internal exceptions (6 events):
Event: 0.055 Thread 0x00007ff39d801000 Exception <a 'java/lang/NoSuchMethodError': Method sun.misc.Unsafe.defineClass(Ljava/lang/String;[BII)Ljava/lang/Class; name or signature does not match> (0x00000007aab11c30) thrown at [/HUDSON3/workspace/8-2-build-macosx-x86_64/jdk8u25/1514/hotspot/src/s
Event: 0.055 Thread 0x00007ff39d801000 Exception <a 'java/lang/NoSuchMethodError': Method sun.misc.Unsafe.prefetchRead(Ljava/lang/Object;J)V name or signature does not match> (0x00000007aab11ec0) thrown at [/HUDSON3/workspace/8-2-build-macosx-x86_64/jdk8u25/1514/hotspot/src/share/vm/prims/jni.
Event: 0.286 Thread 0x00007ff39d801000 Exception <a 'java/util/zip/ZipException'> (0x00000007aabb3a28) thrown at [/HUDSON3/workspace/8-2-build-macosx-x86_64/jdk8u25/1514/hotspot/src/share/vm/prims/jni.cpp, line 716]
Event: 0.286 Thread 0x00007ff39d801000 Exception <a 'java/security/PrivilegedActionException'> (0x00000007aabb3c68) thrown at [/HUDSON3/workspace/8-2-build-macosx-x86_64/jdk8u25/1514/hotspot/src/share/vm/prims/jvm.cpp, line 1312]
Event: 0.286 Thread 0x00007ff39d801000 Exception <a 'java/security/PrivilegedActionException'> (0x00000007aabb3e20) thrown at [/HUDSON3/workspace/8-2-build-macosx-x86_64/jdk8u25/1514/hotspot/src/share/vm/prims/jvm.cpp, line 1312]
Event: 0.421 Thread 0x00007ff39d801000 Exception <a 'java/security/PrivilegedActionException'> (0x00000007aabeee60) thrown at [/HUDSON3/workspace/8-2-build-macosx-x86_64/jdk8u25/1514/hotspot/src/share/vm/prims/jvm.cpp, line 1312]

Events (10 events):
Event: 618.948 Executing VM operation: ChangeBreakpoints
Event: 618.948 Executing VM operation: ChangeBreakpoints done
Event: 627.297 Executing VM operation: RedefineClasses
Event: 627.297 Executing VM operation: RedefineClasses done
Event: 627.303 Executing VM operation: ChangeBreakpoints
Event: 627.304 Executing VM operation: ChangeBreakpoints done
Event: 627.317 Executing VM operation: ChangeBreakpoints
Event: 627.317 Executing VM operation: ChangeBreakpoints done
Event: 1367.987 Executing VM operation: RedefineClasses
Event: 1367.988 Executing VM operation: RedefineClasses done


Dynamic libraries:
0x000000000a822000 	/System/Library/Frameworks/Cocoa.framework/Versions/A/Cocoa
0x000000000a822000 	/System/Library/Frameworks/Security.framework/Versions/A/Security
0x000000000a822000 	/System/Library/Frameworks/ApplicationServices.framework/Versions/A/ApplicationServices
0x000000000a822000 	/usr/lib/libz.1.dylib
0x000000000a822000 	/usr/lib/libSystem.B.dylib
0x000000000a822000 	/usr/lib/libobjc.A.dylib
0x000000000a822000 	/System/Library/Frameworks/CoreFoundation.framework/Versions/A/CoreFoundation
0x000000000a822000 	/System/Library/Frameworks/Foundation.framework/Versions/C/Foundation
0x000000000a822000 	/System/Library/Frameworks/AppKit.framework/Versions/C/AppKit
0x000000000a822000 	/System/Library/Frameworks/CoreData.framework/Versions/A/CoreData
0x000000000a822000 	/System/Library/PrivateFrameworks/RemoteViewServices.framework/Versions/A/RemoteViewServices
0x000000000a822000 	/System/Library/Frameworks/AudioToolbox.framework/Versions/A/AudioToolbox
0x000000000a822000 	/System/Library/Frameworks/AudioUnit.framework/Versions/A/AudioUnit
0x000000000a822000 	/System/Library/PrivateFrameworks/DataDetectorsCore.framework/Versions/A/DataDetectorsCore
0x000000000a822000 	/System/Library/PrivateFrameworks/DesktopServicesPriv.framework/Versions/A/DesktopServicesPriv
0x000000000a822000 	/System/Library/Frameworks/Carbon.framework/Versions/A/Frameworks/HIToolbox.framework/Versions/A/HIToolbox
0x000000000a822000 	/System/Library/Frameworks/QuartzCore.framework/Versions/A/QuartzCore
0x000000000a822000 	/System/Library/Frameworks/Carbon.framework/Versions/A/Frameworks/SpeechRecognition.framework/Versions/A/SpeechRecognition
0x000000000a822000 	/usr/lib/libauto.dylib
0x000000000a822000 	/usr/lib/libicucore.A.dylib
0x000000000a822000 	/usr/lib/libxml2.2.dylib
0x000000000a822000 	/System/Library/PrivateFrameworks/CoreUI.framework/Versions/A/CoreUI
0x000000000a822000 	/System/Library/Frameworks/CoreAudio.framework/Versions/A/CoreAudio
0x000000000a822000 	/System/Library/Frameworks/DiskArbitration.framework/Versions/A/DiskArbitration
0x000000000a822000 	/usr/lib/liblangid.dylib
0x000000000a822000 	/System/Library/PrivateFrameworks/MultitouchSupport.framework/Versions/A/MultitouchSupport
0x000000000a822000 	/System/Library/Frameworks/IOKit.framework/Versions/A/IOKit
0x000000000a822000 	/usr/lib/libDiagnosticMessagesClient.dylib
0x000000000a822000 	/System/Library/Frameworks/CoreServices.framework/Versions/A/CoreServices
0x000000000a822000 	/System/Library/PrivateFrameworks/PerformanceAnalysis.framework/Versions/A/PerformanceAnalysis
0x000000000a822000 	/System/Library/PrivateFrameworks/GenerationalStorage.framework/Versions/A/GenerationalStorage
0x000000000a822000 	/System/Library/Frameworks/OpenGL.framework/Versions/A/OpenGL
0x000000000a822000 	/System/Library/PrivateFrameworks/Sharing.framework/Versions/A/Sharing
0x000000000a822000 	/System/Library/Frameworks/ImageIO.framework/Versions/A/ImageIO
0x000000000a822000 	/System/Library/Frameworks/CoreText.framework/Versions/A/CoreText
0x000000000a822000 	/System/Library/Frameworks/CoreGraphics.framework/Versions/A/CoreGraphics
0x000000000a822000 	/System/Library/PrivateFrameworks/Backup.framework/Versions/A/Backup
0x000000000a822000 	/System/Library/Frameworks/CFNetwork.framework/Versions/A/CFNetwork
0x000000000a822000 	/System/Library/Frameworks/SystemConfiguration.framework/Versions/A/SystemConfiguration
0x000000000a822000 	/usr/lib/libCRFSuite.dylib
0x000000000a822000 	/usr/lib/libc++.1.dylib
0x000000000a822000 	/usr/lib/libc++abi.dylib
0x000000000a822000 	/usr/lib/system/libcache.dylib
0x000000000a822000 	/usr/lib/system/libcommonCrypto.dylib
0x000000000a822000 	/usr/lib/system/libcompiler_rt.dylib
0x000000000a822000 	/usr/lib/system/libcopyfile.dylib
0x000000000a822000 	/usr/lib/system/libcorecrypto.dylib
0x000000000a822000 	/usr/lib/system/libdispatch.dylib
0x000000000a822000 	/usr/lib/system/libdyld.dylib
0x000000000a822000 	/usr/lib/system/libkeymgr.dylib
0x000000000a822000 	/usr/lib/system/liblaunch.dylib
0x000000000a822000 	/usr/lib/system/libmacho.dylib
0x000000000a822000 	/usr/lib/system/libquarantine.dylib
0x000000000a822000 	/usr/lib/system/libremovefile.dylib
0x000000000a822000 	/usr/lib/system/libsystem_asl.dylib
0x000000000a822000 	/usr/lib/system/libsystem_blocks.dylib
0x000000000a822000 	/usr/lib/system/libsystem_c.dylib
0x000000000a822000 	/usr/lib/system/libsystem_configuration.dylib
0x000000000a822000 	/usr/lib/system/libsystem_dnssd.dylib
0x000000000a822000 	/usr/lib/system/libsystem_info.dylib
0x000000000a822000 	/usr/lib/system/libsystem_kernel.dylib
0x000000000a822000 	/usr/lib/system/libsystem_m.dylib
0x000000000a822000 	/usr/lib/system/libsystem_malloc.dylib
0x000000000a822000 	/usr/lib/system/libsystem_network.dylib
0x000000000a822000 	/usr/lib/system/libsystem_notify.dylib
0x000000000a822000 	/usr/lib/system/libsystem_platform.dylib
0x000000000a822000 	/usr/lib/system/libsystem_pthread.dylib
0x000000000a822000 	/usr/lib/system/libsystem_sandbox.dylib
0x000000000a822000 	/usr/lib/system/libsystem_stats.dylib
0x000000000a822000 	/usr/lib/system/libunc.dylib
0x000000000a822000 	/usr/lib/system/libunwind.dylib
0x000000000a822000 	/usr/lib/system/libxpc.dylib
0x000000000a822000 	/usr/lib/libbsm.0.dylib
0x000000000a822000 	/usr/lib/libsqlite3.dylib
0x000000000a822000 	/usr/lib/libxar.1.dylib
0x000000000a822000 	/usr/lib/libpam.2.dylib
0x000000000a822000 	/usr/lib/libOpenScriptingUtil.dylib
0x000000000a822000 	/usr/lib/libbz2.1.0.dylib
0x000000000a822000 	/System/Library/Frameworks/CoreServices.framework/Versions/A/Frameworks/CarbonCore.framework/Versions/A/CarbonCore
0x000000000a822000 	/System/Library/Frameworks/CoreServices.framework/Versions/A/Frameworks/Metadata.framework/Versions/A/Metadata
0x000000000a822000 	/System/Library/Frameworks/CoreServices.framework/Versions/A/Frameworks/OSServices.framework/Versions/A/OSServices
0x000000000a822000 	/System/Library/Frameworks/CoreServices.framework/Versions/A/Frameworks/SearchKit.framework/Versions/A/SearchKit
0x000000000a822000 	/System/Library/Frameworks/CoreServices.framework/Versions/A/Frameworks/AE.framework/Versions/A/AE
0x000000000a822000 	/System/Library/Frameworks/CoreServices.framework/Versions/A/Frameworks/LaunchServices.framework/Versions/A/LaunchServices
0x000000000a822000 	/System/Library/Frameworks/CoreServices.framework/Versions/A/Frameworks/DictionaryServices.framework/Versions/A/DictionaryServices
0x000000000a822000 	/System/Library/Frameworks/NetFS.framework/Versions/A/NetFS
0x000000000a822000 	/usr/lib/system/libkxld.dylib
0x000000000a822000 	/System/Library/PrivateFrameworks/NetAuth.framework/Versions/A/NetAuth
0x000000000a822000 	/System/Library/PrivateFrameworks/TCC.framework/Versions/A/TCC
0x000000000a822000 	/System/Library/Frameworks/OpenDirectory.framework/Versions/A/Frameworks/CFOpenDirectory.framework/Versions/A/CFOpenDirectory
0x000000000a822000 	/System/Library/Frameworks/ServiceManagement.framework/Versions/A/ServiceManagement
0x000000000a822000 	/usr/lib/libxslt.1.dylib
0x000000000a822000 	/System/Library/Frameworks/Carbon.framework/Versions/A/Frameworks/Ink.framework/Versions/A/Ink
0x000000000a822000 	/System/Library/Frameworks/ApplicationServices.framework/Versions/A/Frameworks/ATS.framework/Versions/A/ATS
0x000000000a822000 	/System/Library/Frameworks/ApplicationServices.framework/Versions/A/Frameworks/ColorSync.framework/Versions/A/ColorSync
0x000000000a822000 	/System/Library/Frameworks/ApplicationServices.framework/Versions/A/Frameworks/HIServices.framework/Versions/A/HIServices
0x000000000a822000 	/System/Library/Frameworks/ApplicationServices.framework/Versions/A/Frameworks/LangAnalysis.framework/Versions/A/LangAnalysis
0x000000000a822000 	/System/Library/Frameworks/ApplicationServices.framework/Versions/A/Frameworks/PrintCore.framework/Versions/A/PrintCore
0x000000000a822000 	/System/Library/Frameworks/ApplicationServices.framework/Versions/A/Frameworks/QD.framework/Versions/A/QD
0x000000000a822000 	/System/Library/Frameworks/ApplicationServices.framework/Versions/A/Frameworks/SpeechSynthesis.framework/Versions/A/SpeechSynthesis
0x000000000a822000 	/System/Library/Frameworks/IOSurface.framework/Versions/A/IOSurface
0x000000000a822000 	/System/Library/Frameworks/Accelerate.framework/Versions/A/Accelerate
0x000000000a822000 	/System/Library/Frameworks/Accelerate.framework/Versions/A/Frameworks/vImage.framework/Versions/A/vImage
0x000000000a822000 	/System/Library/Frameworks/Accelerate.framework/Versions/A/Frameworks/vecLib.framework/Versions/A/vecLib
0x000000000a822000 	/System/Library/Frameworks/Accelerate.framework/Versions/A/Frameworks/vecLib.framework/Versions/A/libvDSP.dylib
0x000000000a822000 	/System/Library/Frameworks/Accelerate.framework/Versions/A/Frameworks/vecLib.framework/Versions/A/libvMisc.dylib
0x000000000a822000 	/System/Library/Frameworks/Accelerate.framework/Versions/A/Frameworks/vecLib.framework/Versions/A/libLAPACK.dylib
0x000000000a822000 	/System/Library/Frameworks/Accelerate.framework/Versions/A/Frameworks/vecLib.framework/Versions/A/libBLAS.dylib
0x000000000a822000 	/System/Library/Frameworks/ApplicationServices.framework/Versions/A/Frameworks/ATS.framework/Versions/A/Resources/libFontParser.dylib
0x000000000a822000 	/System/Library/Frameworks/ApplicationServices.framework/Versions/A/Frameworks/ATS.framework/Versions/A/Resources/libFontRegistry.dylib
0x000000000a822000 	/System/Library/Frameworks/ImageIO.framework/Versions/A/Resources/libJPEG.dylib
0x000000000a822000 	/System/Library/Frameworks/ImageIO.framework/Versions/A/Resources/libTIFF.dylib
0x000000000a822000 	/System/Library/Frameworks/ImageIO.framework/Versions/A/Resources/libPng.dylib
0x000000000a822000 	/System/Library/Frameworks/ImageIO.framework/Versions/A/Resources/libGIF.dylib
0x000000000a822000 	/System/Library/Frameworks/ImageIO.framework/Versions/A/Resources/libJP2.dylib
0x000000000a822000 	/System/Library/Frameworks/ImageIO.framework/Versions/A/Resources/libRadiance.dylib
0x000000000a822000 	/usr/lib/libcups.2.dylib
0x000000000a822000 	/System/Library/Frameworks/Kerberos.framework/Versions/A/Kerberos
0x000000000a822000 	/System/Library/Frameworks/GSS.framework/Versions/A/GSS
0x000000000a822000 	/usr/lib/libresolv.9.dylib
0x000000000a822000 	/usr/lib/libiconv.2.dylib
0x000000000a822000 	/System/Library/PrivateFrameworks/Heimdal.framework/Versions/A/Heimdal
0x000000000a822000 	/System/Library/PrivateFrameworks/TrustEvaluationAgent.framework/Versions/A/TrustEvaluationAgent
0x000000000a822000 	/usr/lib/libheimdal-asn1.dylib
0x000000000a822000 	/System/Library/Frameworks/OpenDirectory.framework/Versions/A/OpenDirectory
0x000000000a822000 	/System/Library/PrivateFrameworks/CommonAuth.framework/Versions/A/CommonAuth
0x000000000a822000 	/System/Library/Frameworks/SecurityFoundation.framework/Versions/A/SecurityFoundation
0x000000000a822000 	/System/Library/PrivateFrameworks/Bom.framework/Versions/A/Bom
0x000000000a822000 	/System/Library/Frameworks/CoreVideo.framework/Versions/A/CoreVideo
0x000000000a822000 	/System/Library/Frameworks/QuartzCore.framework/Versions/A/Frameworks/CoreImage.framework/Versions/A/CoreImage
0x000000000a822000 	/System/Library/Frameworks/QuartzCore.framework/Versions/A/Frameworks/ScalableUserInterface.framework/Versions/A/ScalableUserInterface
0x000000000a822000 	/System/Library/Frameworks/OpenGL.framework/Versions/A/Libraries/libGLU.dylib
0x000000000a822000 	/System/Library/Frameworks/OpenGL.framework/Versions/A/Libraries/libGFXShared.dylib
0x000000000a822000 	/System/Library/Frameworks/OpenGL.framework/Versions/A/Libraries/libGL.dylib
0x000000000a822000 	/System/Library/Frameworks/OpenGL.framework/Versions/A/Libraries/libGLImage.dylib
0x000000000a822000 	/System/Library/Frameworks/OpenGL.framework/Versions/A/Libraries/libCVMSPluginSupport.dylib
0x000000000a822000 	/System/Library/Frameworks/OpenGL.framework/Versions/A/Libraries/libCoreVMClient.dylib
0x000000000a822000 	/System/Library/PrivateFrameworks/FaceCore.framework/Versions/A/FaceCore
0x000000000a822000 	/System/Library/PrivateFrameworks/CrashReporterSupport.framework/Versions/A/CrashReporterSupport
0x000000000a822000 	/System/Library/Frameworks/OpenCL.framework/Versions/A/OpenCL
0x000000000a822000 	/System/Library/PrivateFrameworks/AppleFSCompression.framework/Versions/A/AppleFSCompression
0x000000000a822000 	/System/Library/PrivateFrameworks/Ubiquity.framework/Versions/A/Ubiquity
0x000000000a822000 	/System/Library/PrivateFrameworks/IconServices.framework/Versions/A/IconServices
0x000000000a822000 	/System/Library/PrivateFrameworks/ChunkingLibrary.framework/Versions/A/ChunkingLibrary
0x000000000a822000 	/System/Library/PrivateFrameworks/CoreSymbolication.framework/Versions/A/CoreSymbolication
0x000000000a822000 	/System/Library/PrivateFrameworks/Symbolication.framework/Versions/A/Symbolication
0x000000000a822000 	/System/Library/PrivateFrameworks/DebugSymbols.framework/Versions/A/DebugSymbols
0x000000010a351000 	/Library/Java/JavaVirtualMachines/jdk1.8.0_25.jdk/Contents/Home/jre/lib/server/libjvm.dylib
0x000000000a822000 	/usr/lib/libstdc++.6.dylib
0x000000010b370000 	/Library/Java/JavaVirtualMachines/jdk1.8.0_25.jdk/Contents/Home/jre/lib/libverify.dylib
0x000000010b37e000 	/Library/Java/JavaVirtualMachines/jdk1.8.0_25.jdk/Contents/Home/jre/lib/libjava.dylib
0x000000010b3b3000 	/Library/Java/JavaVirtualMachines/jdk1.8.0_25.jdk/Contents/Home/jre/lib/libjdwp.dylib
0x000000010b3fe000 	/Library/Java/JavaVirtualMachines/jdk1.8.0_25.jdk/Contents/Home/jre/lib/libnpt.dylib
0x000000010b40b000 	/Library/Java/JavaVirtualMachines/jdk1.8.0_25.jdk/Contents/Home/jre/lib/libzip.dylib
0x000000011f737000 	/System/Library/Frameworks/JavaVM.framework/Frameworks/JavaRuntimeSupport.framework/JavaRuntimeSupport
0x000000011f74f000 	/System/Library/Frameworks/JavaVM.framework/Versions/A/Frameworks/JavaNativeFoundation.framework/Versions/A/JavaNativeFoundation
0x000000011f763000 	/System/Library/Frameworks/JavaVM.framework/Versions/A/JavaVM
0x000000000a822000 	/System/Library/Frameworks/Carbon.framework/Versions/A/Carbon
0x000000011f76f000 	/System/Library/PrivateFrameworks/JavaLaunching.framework/Versions/A/JavaLaunching
0x000000000a822000 	/System/Library/Frameworks/Carbon.framework/Versions/A/Frameworks/CommonPanels.framework/Versions/A/CommonPanels
0x000000000a822000 	/System/Library/Frameworks/Carbon.framework/Versions/A/Frameworks/Help.framework/Versions/A/Help
0x000000000a822000 	/System/Library/Frameworks/Carbon.framework/Versions/A/Frameworks/ImageCapture.framework/Versions/A/ImageCapture
0x000000000a822000 	/System/Library/Frameworks/Carbon.framework/Versions/A/Frameworks/OpenScripting.framework/Versions/A/OpenScripting
0x000000000a822000 	/System/Library/Frameworks/Carbon.framework/Versions/A/Frameworks/Print.framework/Versions/A/Print
0x000000000a822000 	/System/Library/Frameworks/Carbon.framework/Versions/A/Frameworks/SecurityHI.framework/Versions/A/SecurityHI
0x000000011f984000 	/Library/Java/JavaVirtualMachines/jdk1.8.0_25.jdk/Contents/Home/jre/lib/libdt_socket.dylib

VM Arguments:
jvm_args: -agentlib:jdwp=transport=dt_socket,suspend=y,address=localhost:50837 -Dfile.encoding=UTF-8 
java_command: BinarySearch
java_class_path (initial): /Users/harisarifovic/Documents/workspace/W8D1/bin
Launcher Type: SUN_STANDARD

Environment Variables:
PATH=/usr/bin:/bin:/usr/sbin:/sbin
SHELL=/bin/bash

Signal Handlers:
SIGSEGV: [libjvm.dylib+0x579dc7], sa_mask[0]=11111111011111110111111111111111, sa_flags=SA_ONSTACK|SA_RESTART|SA_SIGINFO
SIGBUS: [libjvm.dylib+0x579dc7], sa_mask[0]=11111111011111110111111111111111, sa_flags=SA_RESTART|SA_SIGINFO
SIGFPE: [libjvm.dylib+0x45b030], sa_mask[0]=11111111011111110111111111111111, sa_flags=SA_RESTART|SA_SIGINFO
SIGPIPE: [libjvm.dylib+0x45b030], sa_mask[0]=11111111011111110111111111111111, sa_flags=SA_RESTART|SA_SIGINFO
SIGXFSZ: [libjvm.dylib+0x45b030], sa_mask[0]=11111111011111110111111111111111, sa_flags=SA_RESTART|SA_SIGINFO
SIGILL: [libjvm.dylib+0x45b030], sa_mask[0]=11111111011111110111111111111111, sa_flags=SA_RESTART|SA_SIGINFO
SIGUSR1: SIG_DFL, sa_mask[0]=00000000000000000000000000000000, sa_flags=SA_RESTART
SIGUSR2: [libjvm.dylib+0x45ab4e], sa_mask[0]=00100000000000000000000000000000, sa_flags=SA_RESTART|SA_SIGINFO
SIGHUP: [libjvm.dylib+0x459121], sa_mask[0]=11111111011111110111111111111111, sa_flags=SA_RESTART|SA_SIGINFO
SIGINT: [libjvm.dylib+0x459121], sa_mask[0]=11111111011111110111111111111111, sa_flags=SA_RESTART|SA_SIGINFO
SIGTERM: [libjvm.dylib+0x459121], sa_mask[0]=11111111011111110111111111111111, sa_flags=SA_RESTART|SA_SIGINFO
SIGQUIT: [libjvm.dylib+0x459121], sa_mask[0]=11111111011111110111111111111111, sa_flags=SA_RESTART|SA_SIGINFO


---------------  S Y S T E M  ---------------

OS:Bsduname:Darwin 13.3.0 Darwin Kernel Version 13.3.0: Tue Jun  3 21:27:35 PDT 2014; root:xnu-2422.110.17~1/RELEASE_X86_64 x86_64
rlimit: STACK 8192k, CORE 0k, NPROC 709, NOFILE 10240, AS infinity
load average:31.86 32.30 27.45

CPU:total 4 (2 cores per cpu, 2 threads per core) family 6 model 58 stepping 9, cmov, cx8, fxsr, mmx, sse, sse2, sse3, ssse3, sse4.1, sse4.2, popcnt, avx, aes, clmul, erms, ht, tsc, tscinvbit, tscinv

Memory: 4k page, physical 4194304k(66660k free)

/proc/meminfo:


vm_info: Java HotSpot(TM) 64-Bit Server VM (25.25-b02) for bsd-amd64 JRE (1.8.0_25-b17), built on Sep 17 2014 16:56:50 by "java_re" with gcc 4.2.1 (Based on Apple Inc. build 5658) (LLVM build 2336.11.00)

time: Mon Jan  5 14:05:01 2015
elapsed time: 1368 seconds (0d 0h 22m 48s)

